<?xml version="1.0" encoding="UTF-8"?>
<!-- Generated by org.testng.reporters.JUnitXMLReporter -->
<testsuite ignored="0" hostname="DESKTOP-AUGHFJE" failures="0" tests="3" name="ChromeTest" time="45.366" errors="0" timestamp="2023-02-15T23:00:32 IST">
  <testcase classname="TestNg.TestNgClass" name="verifyPrivacyPolicyLink" time="24.323"/>
  <testcase classname="TestNg.TestNgClass" name="verifycookiesPolicyLink" time="5.039"/>
  <testcase classname="TestNg.TestNgClass" name="verifytermsLink" time="5.035"/>
</testsuite> <!-- ChromeTest -->
