<?xml version="1.0" encoding="UTF-8"?>
<!-- Generated by org.testng.reporters.JUnitXMLReporter -->
<testsuite ignored="0" hostname="DESKTOP-AUGHFJE" failures="0" tests="3" name="FirefoxTest" time="21.104" errors="0" timestamp="2023-02-15T23:00:53 IST">
  <testcase classname="TestNg.TestNgClass" name="verifyPrivacyPolicyLink" time="2.341"/>
  <testcase classname="TestNg.TestNgClass" name="verifycookiesPolicyLink" time="1.322"/>
  <testcase classname="TestNg.TestNgClass" name="verifytermsLink" time="0.778"/>
</testsuite> <!-- FirefoxTest -->
